# JRE version: OpenJDK Runtime Environment (8.0_342-b07) (build 1.8.0_342-b07)
# Java VM: OpenJDK 64-Bit Server VM (25.342-b07 mixed mode windows-amd64 compressed oops)
Heap:
 PSYoungGen      total 151040K, used 49459K [0x00000000f5580000, 0x0000000100000000, 0x0000000100000000)
  eden space 129536K, 21% used [0x00000000f5580000,0x00000000f70cf900,0x00000000fd400000)
  from space 21504K, 99% used [0x00000000fd600000,0x00000000feafd3c0,0x00000000feb00000)
  to   space 21504K, 0% used [0x00000000feb00000,0x00000000feb00000,0x0000000100000000)
 ParOldGen       total 249856K, used 41626K [0x00000000e0000000, 0x00000000ef400000, 0x00000000f5580000)
  object space 249856K, 16% used [0x00000000e0000000,0x00000000e28a69f8,0x00000000ef400000)
 Metaspace       used 63041K, capacity 68610K, committed 68824K, reserved 1107968K
  class space    used 9047K, capacity 9934K, committed 9944K, reserved 1048576K
GC Heap History (10 events):
Event: 4.412 GC heap before
{Heap before GC invocations=10 (full 2):
 PSYoungGen      total 160256K, used 156564K [0x00000000f5580000, 0x00000000fff80000, 0x0000000100000000)
  eden space 146432K, 100% used [0x00000000f5580000,0x00000000fe480000,0x00000000fe480000)
  from space 13824K, 73% used [0x00000000fe480000,0x00000000fee65080,0x00000000ff200000)
  to   space 13824K, 0% used [0x00000000ff200000,0x00000000ff200000,0x00000000fff80000)
 ParOldGen       total 175104K, used 14363K [0x00000000e0000000, 0x00000000eab00000, 0x00000000f5580000)
  object space 175104K, 8% used [0x00000000e0000000,0x00000000e0e06fb8,0x00000000eab00000)
 Metaspace       used 46841K, capacity 50452K, committed 50560K, reserved 1091584K
  class space    used 6873K, capacity 7482K, committed 7552K, reserved 1048576K
Event: 4.420 GC heap after
Heap after GC invocations=10 (full 2):
 PSYoungGen      total 156672K, used 13818K [0x00000000f5580000, 0x0000000100000000, 0x0000000100000000)
  eden space 142848K, 0% used [0x00000000f5580000,0x00000000f5580000,0x00000000fe100000)
  from space 13824K, 99% used [0x00000000ff200000,0x00000000fff7e938,0x00000000fff80000)
  to   space 15872K, 0% used [0x00000000fe100000,0x00000000fe100000,0x00000000ff080000)
 ParOldGen       total 175104K, used 15646K [0x00000000e0000000, 0x00000000eab00000, 0x00000000f5580000)
  object space 175104K, 8% used [0x00000000e0000000,0x00000000e0f47828,0x00000000eab00000)
 Metaspace       used 46841K, capacity 50452K, committed 50560K, reserved 1091584K
  class space    used 6873K, capacity 7482K, committed 7552K, reserved 1048576K
}
Event: 5.402 GC heap before
{Heap before GC invocations=11 (full 2):
 PSYoungGen      total 156672K, used 135183K [0x00000000f5580000, 0x0000000100000000, 0x0000000100000000)
  eden space 142848K, 84% used [0x00000000f5580000,0x00000000fcc05570,0x00000000fe100000)
  from space 13824K, 99% used [0x00000000ff200000,0x00000000fff7e938,0x00000000fff80000)
  to   space 15872K, 0% used [0x00000000fe100000,0x00000000fe100000,0x00000000ff080000)
 ParOldGen       total 175104K, used 15646K [0x00000000e0000000, 0x00000000eab00000, 0x00000000f5580000)
  object space 175104K, 8% used [0x00000000e0000000,0x00000000e0f47828,0x00000000eab00000)
 Metaspace       used 54011K, capacity 59000K, committed 59096K, reserved 1099776K
  class space    used 8040K, capacity 8853K, committed 8920K, reserved 1048576K
Event: 5.411 GC heap after
Heap after GC invocations=11 (full 2):
 PSYoungGen      total 158720K, used 15841K [0x00000000f5580000, 0x0000000100000000, 0x0000000100000000)
  eden space 142848K, 0% used [0x00000000f5580000,0x00000000f5580000,0x00000000fe100000)
  from space 15872K, 99% used [0x00000000fe100000,0x00000000ff078708,0x00000000ff080000)
  to   space 15872K, 0% used [0x00000000ff080000,0x00000000ff080000,0x0000000100000000)
 ParOldGen       total 175104K, used 21068K [0x00000000e0000000, 0x00000000eab00000, 0x00000000f5580000)
  object space 175104K, 12% used [0x00000000e0000000,0x00000000e1493368,0x00000000eab00000)
 Metaspace       used 54011K, capacity 59000K, committed 59096K, reserved 1099776K
  class space    used 8040K, capacity 8853K, committed 8920K, reserved 1048576K
}
Event: 5.411 GC heap before
{Heap before GC invocations=12 (full 3):
 PSYoungGen      total 158720K, used 15841K [0x00000000f5580000, 0x0000000100000000, 0x0000000100000000)
  eden space 142848K, 0% used [0x00000000f5580000,0x00000000f5580000,0x00000000fe100000)
  from space 15872K, 99% used [0x00000000fe100000,0x00000000ff078708,0x00000000ff080000)
  to   space 15872K, 0% used [0x00000000ff080000,0x00000000ff080000,0x0000000100000000)
 ParOldGen       total 175104K, used 21068K [0x00000000e0000000, 0x00000000eab00000, 0x00000000f5580000)
  object space 175104K, 12% used [0x00000000e0000000,0x00000000e1493368,0x00000000eab00000)
 Metaspace       used 54011K, capacity 59000K, committed 59096K, reserved 1099776K
  class space    used 8040K, capacity 8853K, committed 8920K, reserved 1048576K
Event: 5.533 GC heap after
Heap after GC invocations=12 (full 3):
 PSYoungGen      total 158720K, used 0K [0x00000000f5580000, 0x0000000100000000, 0x0000000100000000)
  eden space 142848K, 0% used [0x00000000f5580000,0x00000000f5580000,0x00000000fe100000)
  from space 15872K, 0% used [0x00000000fe100000,0x00000000fe100000,0x00000000ff080000)
  to   space 15872K, 0% used [0x00000000ff080000,0x00000000ff080000,0x0000000100000000)
 ParOldGen       total 249856K, used 33730K [0x00000000e0000000, 0x00000000ef400000, 0x00000000f5580000)
  object space 249856K, 13% used [0x00000000e0000000,0x00000000e20f0b90,0x00000000ef400000)
 Metaspace       used 53891K, capacity 58604K, committed 59096K, reserved 1099776K
  class space    used 8003K, capacity 8787K, committed 8920K, reserved 1048576K
}
Event: 176.427 GC heap before
{Heap before GC invocations=13 (full 3):
 PSYoungGen      total 158720K, used 142848K [0x00000000f5580000, 0x0000000100000000, 0x0000000100000000)
  eden space 142848K, 100% used [0x00000000f5580000,0x00000000fe100000,0x00000000fe100000)
  from space 15872K, 0% used [0x00000000fe100000,0x00000000fe100000,0x00000000ff080000)
  to   space 15872K, 0% used [0x00000000ff080000,0x00000000ff080000,0x0000000100000000)
 ParOldGen       total 249856K, used 33730K [0x00000000e0000000, 0x00000000ef400000, 0x00000000f5580000)
  object space 249856K, 13% used [0x00000000e0000000,0x00000000e20f0b90,0x00000000ef400000)
 Metaspace       used 59917K, capacity 65198K, committed 65368K, reserved 1105920K
  class space    used 8712K, capacity 9548K, committed 9560K, reserved 1048576K
Event: 176.442 GC heap after
Heap after GC invocations=13 (full 3):
 PSYoungGen      total 147456K, used 15871K [0x00000000f5580000, 0x0000000100000000, 0x0000000100000000)
  eden space 131584K, 0% used [0x00000000f5580000,0x00000000f5580000,0x00000000fd600000)
  from space 15872K, 99% used [0x00000000ff080000,0x00000000ffffff00,0x0000000100000000)
  to   space 21504K, 0% used [0x00000000fd600000,0x00000000fd600000,0x00000000feb00000)
 ParOldGen       total 249856K, used 35594K [0x00000000e0000000, 0x00000000ef400000, 0x00000000f5580000)
  object space 249856K, 14% used [0x00000000e0000000,0x00000000e22c28d0,0x00000000ef400000)
 Metaspace       used 59917K, capacity 65198K, committed 65368K, reserved 1105920K
  class space    used 8712K, capacity 9548K, committed 9560K, reserved 1048576K
}
Event: 285.982 GC heap before
{Heap before GC invocations=14 (full 3):
 PSYoungGen      total 147456K, used 147455K [0x00000000f5580000, 0x0000000100000000, 0x0000000100000000)
  eden space 131584K, 100% used [0x00000000f5580000,0x00000000fd600000,0x00000000fd600000)
  from space 15872K, 99% used [0x00000000ff080000,0x00000000ffffff00,0x0000000100000000)
  to   space 21504K, 0% used [0x00000000fd600000,0x00000000fd600000,0x00000000feb00000)
 ParOldGen       total 249856K, used 35594K [0x00000000e0000000, 0x00000000ef400000, 0x00000000f5580000)
  object space 249856K, 14% used [0x00000000e0000000,0x00000000e22c28d0,0x00000000ef400000)
 Metaspace       used 62173K, capacity 67708K, committed 67928K, reserved 1107968K
  class space    used 8930K, capacity 9800K, committed 9816K, reserved 1048576K
Event: 286.006 GC heap after
Heap after GC invocations=14 (full 3):
 PSYoungGen      total 151040K, used 21492K [0x00000000f5580000, 0x0000000100000000, 0x0000000100000000)
  eden space 129536K, 0% used [0x00000000f5580000,0x00000000f5580000,0x00000000fd400000)
  from space 21504K, 99% used [0x00000000fd600000,0x00000000feafd3c0,0x00000000feb00000)
  to   space 21504K, 0% used [0x00000000feb00000,0x00000000feb00000,0x0000000100000000)
 ParOldGen       total 249856K, used 41626K [0x00000000e0000000, 0x00000000ef400000, 0x00000000f5580000)
  object space 249856K, 16% used [0x00000000e0000000,0x00000000e28a69f8,0x00000000ef400000)
 Metaspace       used 62173K, capacity 67708K, committed 67928K, reserved 1107968K
  class space    used 8930K, capacity 9800K, committed 9816K, reserved 1048576K
}

