# JRE version: OpenJDK Runtime Environment (8.0_342-b07) (build 1.8.0_342-b07)
# Java VM: OpenJDK 64-Bit Server VM (25.342-b07 mixed mode windows-amd64 compressed oops)
Heap:
 PSYoungGen      total 156160K, used 64380K [0x00000000f5580000, 0x00000000fff00000, 0x0000000100000000)
  eden space 145920K, 37% used [0x00000000f5580000,0x00000000f8a7b9b0,0x00000000fe400000)
  from space 10240K, 98% used [0x00000000fe400000,0x00000000fede3660,0x00000000fee00000)
  to   space 13824K, 0% used [0x00000000ff180000,0x00000000ff180000,0x00000000fff00000)
 ParOldGen       total 175104K, used 14294K [0x00000000e0000000, 0x00000000eab00000, 0x00000000f5580000)
  object space 175104K, 8% used [0x00000000e0000000,0x00000000e0df5a60,0x00000000eab00000)
 Metaspace       used 43380K, capacity 46164K, committed 46336K, reserved 1089536K
  class space    used 6306K, capacity 6813K, committed 6912K, reserved 1048576K
GC Heap History (10 events):
Event: 2.091 GC heap before
{Heap before GC invocations=5 (full 1):
 PSYoungGen      total 141824K, used 10503K [0x00000000f5580000, 0x00000000fea80000, 0x0000000100000000)
  eden space 131072K, 0% used [0x00000000f5580000,0x00000000f5580000,0x00000000fd580000)
  from space 10752K, 97% used [0x00000000fe000000,0x00000000fea41c48,0x00000000fea80000)
  to   space 10752K, 0% used [0x00000000fd580000,0x00000000fd580000,0x00000000fe000000)
 ParOldGen       total 175104K, used 40K [0x00000000e0000000, 0x00000000eab00000, 0x00000000f5580000)
  object space 175104K, 0% used [0x00000000e0000000,0x00000000e000a000,0x00000000eab00000)
 Metaspace       used 20343K, capacity 21248K, committed 21296K, reserved 1067008K
  class space    used 2973K, capacity 3178K, committed 3200K, reserved 1048576K
Event: 2.114 GC heap after
Heap after GC invocations=5 (full 1):
 PSYoungGen      total 141824K, used 0K [0x00000000f5580000, 0x00000000fea80000, 0x0000000100000000)
  eden space 131072K, 0% used [0x00000000f5580000,0x00000000f5580000,0x00000000fd580000)
  from space 10752K, 0% used [0x00000000fe000000,0x00000000fe000000,0x00000000fea80000)
  to   space 10752K, 0% used [0x00000000fd580000,0x00000000fd580000,0x00000000fe000000)
 ParOldGen       total 175104K, used 10094K [0x00000000e0000000, 0x00000000eab00000, 0x00000000f5580000)
  object space 175104K, 5% used [0x00000000e0000000,0x00000000e09db9f8,0x00000000eab00000)
 Metaspace       used 20343K, capacity 21248K, committed 21296K, reserved 1067008K
  class space    used 2973K, capacity 3178K, committed 3200K, reserved 1048576K
}
Event: 2.830 GC heap before
{Heap before GC invocations=6 (full 1):
 PSYoungGen      total 141824K, used 131072K [0x00000000f5580000, 0x00000000fea80000, 0x0000000100000000)
  eden space 131072K, 100% used [0x00000000f5580000,0x00000000fd580000,0x00000000fd580000)
  from space 10752K, 0% used [0x00000000fe000000,0x00000000fe000000,0x00000000fea80000)
  to   space 10752K, 0% used [0x00000000fd580000,0x00000000fd580000,0x00000000fe000000)
 ParOldGen       total 175104K, used 10094K [0x00000000e0000000, 0x00000000eab00000, 0x00000000f5580000)
  object space 175104K, 5% used [0x00000000e0000000,0x00000000e09db9f8,0x00000000eab00000)
 Metaspace       used 29807K, capacity 31478K, committed 31744K, reserved 1077248K
  class space    used 4447K, capacity 4812K, committed 4864K, reserved 1048576K
Event: 2.838 GC heap after
Heap after GC invocations=6 (full 1):
 PSYoungGen      total 141824K, used 10741K [0x00000000f5580000, 0x0000000100000000, 0x0000000100000000)
  eden space 131072K, 0% used [0x00000000f5580000,0x00000000f5580000,0x00000000fd580000)
  from space 10752K, 99% used [0x00000000fd580000,0x00000000fdffd5c0,0x00000000fe000000)
  to   space 14336K, 0% used [0x00000000ff200000,0x00000000ff200000,0x0000000100000000)
 ParOldGen       total 175104K, used 11497K [0x00000000e0000000, 0x00000000eab00000, 0x00000000f5580000)
  object space 175104K, 6% used [0x00000000e0000000,0x00000000e0b3a5f8,0x00000000eab00000)
 Metaspace       used 29807K, capacity 31478K, committed 31744K, reserved 1077248K
  class space    used 4447K, capacity 4812K, committed 4864K, reserved 1048576K
}
Event: 3.009 GC heap before
{Heap before GC invocations=7 (full 1):
 PSYoungGen      total 141824K, used 39088K [0x00000000f5580000, 0x0000000100000000, 0x0000000100000000)
  eden space 131072K, 21% used [0x00000000f5580000,0x00000000f712eb58,0x00000000fd580000)
  from space 10752K, 99% used [0x00000000fd580000,0x00000000fdffd5c0,0x00000000fe000000)
  to   space 14336K, 0% used [0x00000000ff200000,0x00000000ff200000,0x0000000100000000)
 ParOldGen       total 175104K, used 11497K [0x00000000e0000000, 0x00000000eab00000, 0x00000000f5580000)
  object space 175104K, 6% used [0x00000000e0000000,0x00000000e0b3a5f8,0x00000000eab00000)
 Metaspace       used 33587K, capacity 35278K, committed 35456K, reserved 1079296K
  class space    used 4819K, capacity 5152K, committed 5248K, reserved 1048576K
Event: 3.013 GC heap after
Heap after GC invocations=7 (full 1):
 PSYoungGen      total 160256K, used 6982K [0x00000000f5580000, 0x0000000100000000, 0x0000000100000000)
  eden space 145920K, 0% used [0x00000000f5580000,0x00000000f5580000,0x00000000fe400000)
  from space 14336K, 48% used [0x00000000ff200000,0x00000000ff8d18c8,0x0000000100000000)
  to   space 14336K, 0% used [0x00000000fe400000,0x00000000fe400000,0x00000000ff200000)
 ParOldGen       total 175104K, used 11505K [0x00000000e0000000, 0x00000000eab00000, 0x00000000f5580000)
  object space 175104K, 6% used [0x00000000e0000000,0x00000000e0b3c5f8,0x00000000eab00000)
 Metaspace       used 33587K, capacity 35278K, committed 35456K, reserved 1079296K
  class space    used 4819K, capacity 5152K, committed 5248K, reserved 1048576K
}
Event: 3.013 GC heap before
{Heap before GC invocations=8 (full 2):
 PSYoungGen      total 160256K, used 6982K [0x00000000f5580000, 0x0000000100000000, 0x0000000100000000)
  eden space 145920K, 0% used [0x00000000f5580000,0x00000000f5580000,0x00000000fe400000)
  from space 14336K, 48% used [0x00000000ff200000,0x00000000ff8d18c8,0x0000000100000000)
  to   space 14336K, 0% used [0x00000000fe400000,0x00000000fe400000,0x00000000ff200000)
 ParOldGen       total 175104K, used 11505K [0x00000000e0000000, 0x00000000eab00000, 0x00000000f5580000)
  object space 175104K, 6% used [0x00000000e0000000,0x00000000e0b3c5f8,0x00000000eab00000)
 Metaspace       used 33587K, capacity 35278K, committed 35456K, reserved 1079296K
  class space    used 4819K, capacity 5152K, committed 5248K, reserved 1048576K
Event: 3.038 GC heap after
Heap after GC invocations=8 (full 2):
 PSYoungGen      total 160256K, used 0K [0x00000000f5580000, 0x0000000100000000, 0x0000000100000000)
  eden space 145920K, 0% used [0x00000000f5580000,0x00000000f5580000,0x00000000fe400000)
  from space 14336K, 0% used [0x00000000ff200000,0x00000000ff200000,0x0000000100000000)
  to   space 14336K, 0% used [0x00000000fe400000,0x00000000fe400000,0x00000000ff200000)
 ParOldGen       total 175104K, used 14286K [0x00000000e0000000, 0x00000000eab00000, 0x00000000f5580000)
  object space 175104K, 8% used [0x00000000e0000000,0x00000000e0df3a60,0x00000000eab00000)
 Metaspace       used 33587K, capacity 35278K, committed 35456K, reserved 1079296K
  class space    used 4819K, capacity 5152K, committed 5248K, reserved 1048576K
}
Event: 3.803 GC heap before
{Heap before GC invocations=9 (full 2):
 PSYoungGen      total 160256K, used 145920K [0x00000000f5580000, 0x0000000100000000, 0x0000000100000000)
  eden space 145920K, 100% used [0x00000000f5580000,0x00000000fe400000,0x00000000fe400000)
  from space 14336K, 0% used [0x00000000ff200000,0x00000000ff200000,0x0000000100000000)
  to   space 14336K, 0% used [0x00000000fe400000,0x00000000fe400000,0x00000000ff200000)
 ParOldGen       total 175104K, used 14286K [0x00000000e0000000, 0x00000000eab00000, 0x00000000f5580000)
  object space 175104K, 8% used [0x00000000e0000000,0x00000000e0df3a60,0x00000000eab00000)
 Metaspace       used 42181K, capacity 44644K, committed 44800K, reserved 1087488K
  class space    used 6110K, capacity 6585K, committed 6656K, reserved 1048576K
Event: 3.809 GC heap after
Heap after GC invocations=9 (full 2):
 PSYoungGen      total 156160K, used 10125K [0x00000000f5580000, 0x00000000fff00000, 0x0000000100000000)
  eden space 145920K, 0% used [0x00000000f5580000,0x00000000f5580000,0x00000000fe400000)
  from space 10240K, 98% used [0x00000000fe400000,0x00000000fede3660,0x00000000fee00000)
  to   space 13824K, 0% used [0x00000000ff180000,0x00000000ff180000,0x00000000fff00000)
 ParOldGen       total 175104K, used 14294K [0x00000000e0000000, 0x00000000eab00000, 0x00000000f5580000)
  object space 175104K, 8% used [0x00000000e0000000,0x00000000e0df5a60,0x00000000eab00000)
 Metaspace       used 42181K, capacity 44644K, committed 44800K, reserved 1087488K
  class space    used 6110K, capacity 6585K, committed 6656K, reserved 1048576K
}

